2025-06-05 00:02:24,120 - DEBUG - Fetching stock data...
2025-06-05 00:02:25,801 - DEBUG - Successfully processed AAPL
2025-06-05 00:02:26,254 - ERROR - API Error for MSFT: We have detected your API key as MHPYBQZYCH8T5WCD and our standard API rate limit is 25 requests per day. Please subscribe to any of the premium plans at https://www.alphavantage.co/premium/ to instantly remove all daily rate limits.
2025-06-05 00:02:26,773 - ERROR - API Error for JPM: We have detected your API key as MHPYBQZYCH8T5WCD and our standard API rate limit is 25 requests per day. Please subscribe to any of the premium plans at https://www.alphavantage.co/premium/ to instantly remove all daily rate limits.
2025-06-05 00:02:26,773 - DEBUG - 
Fetching crypto data...
2025-06-05 00:02:27,371 - ERROR - API Error for BTC: We have detected your API key as MHPYBQZYCH8T5WCD and our standard API rate limit is 25 requests per day. Please subscribe to any of the premium plans at https://www.alphavantage.co/premium/ to instantly remove all daily rate limits.
2025-06-05 00:02:28,417 - ERROR - API Error for ETH: We have detected your API key as MHPYBQZYCH8T5WCD and our standard API rate limit is 25 requests per day. Please subscribe to any of the premium plans at https://www.alphavantage.co/premium/ to instantly remove all daily rate limits.
2025-06-05 00:02:29,958 - DEBUG - Successfully updated vector database with market data
2025-06-05 11:15:14,934 - DEBUG - Fetching stock data...
2025-06-05 11:15:15,777 - DEBUG - Successfully processed AAPL
2025-06-05 11:15:16,402 - DEBUG - Successfully processed MSFT
2025-06-05 11:15:17,106 - DEBUG - Successfully processed JPM
2025-06-05 11:15:17,106 - DEBUG - 
Fetching crypto data...
2025-06-05 11:15:17,935 - DEBUG - Available columns for BTC: ['1. open', '2. high', '3. low', '4. close', '5. volume']
2025-06-05 11:15:17,951 - DEBUG - Successfully processed BTC
2025-06-05 11:15:18,701 - DEBUG - Available columns for ETH: ['1. open', '2. high', '3. low', '4. close', '5. volume']
2025-06-05 11:15:18,716 - DEBUG - Successfully processed ETH
2025-06-05 11:15:21,158 - DEBUG - Successfully updated vector database with market data
2025-06-05 12:35:47,723 - INFO - Querying market data collection: market_data_collection
2025-06-05 12:35:47,723 - INFO - Retrieved 0 market data documents for query: 'stock market price'
2025-06-05 13:12:46,766 - INFO - Querying market data collection: market_data_collection
2025-06-05 13:12:46,766 - INFO - Retrieved 0 market data documents for query: 'stock price of apple'
2025-06-05 13:16:46,174 - INFO - Querying market data collection: market_data_collection
2025-06-05 13:16:46,174 - INFO - Retrieved 0 market data documents for query: 'AAPL'
2025-06-05 13:17:57,793 - INFO - Querying market data collection: market_data_collection
2025-06-05 13:17:58,722 - INFO - Retrieved 0 market data documents for query: 'AAPL'
2025-06-05 13:19:29,992 - INFO - Querying market data collection: market_data_collection
2025-06-05 13:19:30,005 - INFO - Retrieved 0 market data documents for query: 'AAPL'
2025-06-05 13:22:30,873 - DEBUG - Fetching stock data...
2025-06-05 13:22:33,007 - DEBUG - Successfully processed AAPL
2025-06-05 13:22:33,634 - DEBUG - Successfully processed MSFT
2025-06-05 13:22:35,155 - DEBUG - Successfully processed JPM
2025-06-05 13:22:35,155 - DEBUG - 
Fetching crypto data...
2025-06-05 13:22:37,240 - DEBUG - Available columns for BTC: ['1. open', '2. high', '3. low', '4. close', '5. volume']
2025-06-05 13:22:37,255 - DEBUG - Successfully processed BTC
2025-06-05 13:22:38,557 - DEBUG - Available columns for ETH: ['1. open', '2. high', '3. low', '4. close', '5. volume']
2025-06-05 13:22:38,557 - DEBUG - Successfully processed ETH
2025-06-05 13:22:39,236 - DEBUG - Successfully updated vector database with market data
2025-06-05 13:22:39,237 - INFO - Querying market data collection: market_data_collection
2025-06-05 13:22:39,724 - INFO - Retrieved 1 market data documents for query: 'AAPL'
2025-06-05 13:23:19,982 - INFO - Querying market data collection: market_data_collection
2025-06-05 13:23:20,601 - INFO - Retrieved 1 market data documents for query: 'AAPL'
2025-06-05 13:26:15,667 - INFO - Querying market data collection: market_data_collection
2025-06-05 13:26:16,465 - INFO - Retrieved 1 market data documents for query: 'AAPL'
2025-06-05 13:26:38,181 - INFO - Querying market data collection: market_data_collection
2025-06-05 13:26:39,436 - INFO - Retrieved 1 market data documents for query: 'ETH-USD'
2025-06-05 13:27:04,162 - INFO - Querying market data collection: market_data_collection
2025-06-05 13:27:04,805 - INFO - Retrieved 1 market data documents for query: 'ETH-USD'
2025-06-05 14:39:46,058 - DEBUG - Fetching stock data...
2025-06-05 14:39:47,439 - DEBUG - Successfully processed AAPL
2025-06-05 14:39:48,505 - DEBUG - Successfully processed MSFT
2025-06-05 14:39:49,195 - DEBUG - Successfully processed JPM
2025-06-05 14:39:49,195 - DEBUG - 
Fetching crypto data...
2025-06-05 14:39:50,419 - DEBUG - Available columns for BTC: ['1. open', '2. high', '3. low', '4. close', '5. volume']
2025-06-05 14:39:50,431 - DEBUG - Successfully processed BTC
2025-06-05 14:39:51,418 - DEBUG - Available columns for ETH: ['1. open', '2. high', '3. low', '4. close', '5. volume']
2025-06-05 14:39:51,418 - DEBUG - Successfully processed ETH
2025-06-05 14:39:52,501 - DEBUG - Successfully updated vector database with market data
2025-06-05 14:39:52,501 - INFO - Querying market data collection: market_data_collection
2025-06-05 14:39:53,005 - INFO - Retrieved 1 market data documents for query: 'ETH-USD'
2025-06-05 14:40:50,559 - DEBUG - Fetching stock data...
2025-06-05 14:40:51,341 - DEBUG - Successfully processed AAPL
2025-06-05 14:41:00,499 - INFO - Querying market data collection: market_data_collection
2025-06-05 14:41:01,142 - INFO - Retrieved 1 market data documents for query: 'ETH-USD'
2025-06-05 14:41:25,311 - INFO - Querying market data collection: market_data_collection
2025-06-05 14:41:25,892 - INFO - Retrieved 1 market data documents for query: 'ETH-USD'
2025-06-05 14:43:55,972 - INFO - Querying market data collection: market_data_collection
2025-06-05 14:43:56,674 - INFO - Retrieved 1 market data documents for query: 'APPL'
2025-06-05 14:44:50,822 - INFO - Querying market data collection: market_data_collection
2025-06-05 14:44:51,415 - INFO - Retrieved 1 market data documents for query: 'what is the stock price of APPL'
2025-06-05 14:45:00,599 - INFO - Querying market data collection: market_data_collection
2025-06-05 14:45:01,180 - INFO - Retrieved 1 market data documents for query: 'what is the stock price of APPLE'
2025-06-05 16:23:11,850 - INFO - Querying market data collection: market_data_collection
2025-06-05 16:23:12,397 - INFO - Retrieved 5 market data documents for query: 'What is the current stock price of Apple Inc.?'
2025-06-05 16:24:07,024 - INFO - Querying market data collection: market_data_collection
2025-06-05 16:24:07,839 - INFO - Retrieved 5 market data documents for query: 'What is the current stock price of Apple Inc.?'
2025-06-05 16:37:38,017 - INFO - Querying market data collection: market_data_collection
2025-06-05 16:37:38,670 - INFO - Retrieved 5 market data documents for query: 'hello'
2025-06-05 16:38:55,727 - INFO - Querying market data collection: market_data_collection
2025-06-05 16:38:56,423 - INFO - Retrieved 5 market data documents for query: 'hey'
2025-06-05 16:39:39,186 - INFO - Querying market data collection: market_data_collection
2025-06-05 16:39:39,597 - INFO - Retrieved 5 market data documents for query: 'what is the stock price of apple?'
2025-06-05 16:41:14,373 - INFO - Querying market data collection: market_data_collection
2025-06-05 16:41:14,844 - INFO - Retrieved 5 market data documents for query: 'Can you provide the technical analysis for Apple?'
2025-06-05 16:42:11,787 - INFO - Querying market data collection: market_data_collection
2025-06-05 16:42:12,317 - INFO - Retrieved 5 market data documents for query: 'What are the current price of bitcoin and ethereum?'
2025-06-05 16:42:51,944 - INFO - Querying market data collection: market_data_collection
2025-06-05 16:42:52,498 - INFO - Retrieved 5 market data documents for query: 'CAN YOU PROVIDE THE TECHNICAL INDICATOR?'
2025-06-05 16:43:22,855 - INFO - Querying market data collection: market_data_collection
2025-06-05 16:43:23,319 - INFO - Retrieved 5 market data documents for query: 'can you provide the technical indicator of bitcoin'
2025-06-05 16:43:55,613 - INFO - Querying market data collection: market_data_collection
2025-06-05 16:43:56,054 - INFO - Retrieved 5 market data documents for query: 'so can you give me data analysis should i buy or not?'
2025-06-05 16:46:06,600 - INFO - Querying market data collection: market_data_collection
2025-06-05 16:46:07,413 - INFO - Retrieved 5 market data documents for query: 'stock price of apple'
2025-06-05 16:47:51,066 - INFO - Querying market data collection: market_data_collection
2025-06-05 16:47:51,555 - INFO - Retrieved 5 market data documents for query: 'technical analysis for Apple'
2025-06-05 16:50:47,675 - INFO - Querying market data collection: market_data_collection
2025-06-05 16:50:48,128 - INFO - Retrieved 5 market data documents for query: 'current prices of Bitcoin and Ethereum'
2025-06-05 20:00:25,183 - DEBUG - Fetching stock data...
2025-06-05 20:00:26,599 - DEBUG - Successfully processed AAPL
2025-06-05 20:00:27,384 - DEBUG - Successfully processed MSFT
2025-06-05 20:00:28,115 - DEBUG - Successfully processed JPM
2025-06-05 20:00:28,117 - DEBUG - 
Fetching crypto data...
2025-06-05 20:00:28,999 - DEBUG - Available columns for BTC: ['1. open', '2. high', '3. low', '4. close', '5. volume']
2025-06-05 20:00:29,035 - DEBUG - Successfully processed BTC
2025-06-05 20:00:29,889 - DEBUG - Available columns for ETH: ['1. open', '2. high', '3. low', '4. close', '5. volume']
2025-06-05 20:00:29,904 - DEBUG - Successfully processed ETH
2025-06-05 20:00:31,218 - DEBUG - Successfully updated vector database with market data
2025-06-05 20:17:49,538 - INFO - Querying market data collection: market_data_collection
2025-06-05 20:17:50,033 - INFO - Retrieved 5 market data documents for query: 'what is the stock price of apple?'
2025-06-05 20:18:02,771 - INFO - Querying market data collection: market_data_collection
2025-06-05 20:18:03,193 - INFO - Retrieved 5 market data documents for query: 'what is the stock price of etherum?'
2025-06-05 20:18:18,772 - INFO - Querying market data collection: market_data_collection
2025-06-05 20:18:19,172 - INFO - Retrieved 5 market data documents for query: 'technical indicator of apple stock'
2025-06-05 22:03:55,191 - INFO - Querying market data collection: market_data_collection
2025-06-05 22:03:55,826 - INFO - Retrieved 5 market data documents for query: 'What were Walmart's total revenues for fiscal year 2025, and what was the percentage change from the previous fiscal year (fiscal 2024)?'
2025-06-05 22:12:04,158 - INFO - Querying market data collection: market_data_collection
2025-06-05 22:12:04,808 - INFO - Retrieved 5 market data documents for query: 'What were Walmart's total revenues for fiscal year 2025, and what was the percentage change from the previous fiscal year (fiscal 2024)?'
2025-06-05 22:16:25,042 - INFO - Querying market data collection: market_data_collection
2025-06-05 22:16:25,557 - INFO - Retrieved 5 market data documents for query: 'What were Walmart's total revenues for fiscal year 2025, and what was the percentage change from the previous fiscal year (fiscal 2024)?'
2025-06-05 22:17:49,615 - INFO - Querying market data collection: market_data_collection
2025-06-05 22:17:50,195 - INFO - Retrieved 5 market data documents for query: 'What were Walmart's total revenues for fiscal year 2025, and what was the percentage change from the previous fiscal year (fiscal 2024)?'
2025-06-05 22:28:56,739 - INFO - Querying market data collection: market_data_collection
2025-06-05 22:28:57,373 - INFO - Retrieved 5 market data documents for query: 'What were Walmart's total revenues for fiscal year 2025, and what was the percentage change from the previous fiscal year (fiscal 2024)?'
2025-06-05 22:32:25,647 - INFO - Querying market data collection: market_data_collection
2025-06-05 22:32:26,189 - INFO - Retrieved 5 market data documents for query: 'What were Walmart's total revenues for fiscal year 2025, and what was the percentage change from the previous fiscal year (fiscal 2024)?'
2025-06-05 22:37:18,795 - INFO - Querying market data collection: market_data_collection
2025-06-05 22:37:19,245 - INFO - Retrieved 5 market data documents for query: 'what is the stock price of apple?'
2025-06-05 22:42:50,476 - DEBUG - Fetching stock data...
2025-06-05 22:42:51,580 - DEBUG - Successfully processed AAPL
2025-06-05 22:42:52,338 - DEBUG - Successfully processed MSFT
2025-06-05 22:42:53,465 - DEBUG - Successfully processed JPM
2025-06-05 22:42:53,466 - DEBUG - 
Fetching crypto data...
2025-06-05 22:42:54,370 - DEBUG - Available columns for BTC: ['1. open', '2. high', '3. low', '4. close', '5. volume']
2025-06-05 22:42:54,394 - DEBUG - Successfully processed BTC
2025-06-05 22:42:55,410 - DEBUG - Available columns for ETH: ['1. open', '2. high', '3. low', '4. close', '5. volume']
2025-06-05 22:42:55,421 - DEBUG - Successfully processed ETH
2025-06-05 22:42:56,227 - DEBUG - Successfully updated vector database with market data
2025-06-05 22:43:17,127 - INFO - Querying market data collection: market_data_collection
2025-06-05 22:43:17,629 - INFO - Retrieved 5 market data documents for query: 'what is the stock price of apple?'
2025-06-05 22:43:33,693 - INFO - Querying market data collection: market_data_collection
2025-06-05 22:43:34,141 - INFO - Retrieved 5 market data documents for query: 'technical indicators of apple stock'
2025-06-05 22:43:49,992 - INFO - Querying market data collection: market_data_collection
2025-06-05 22:43:50,548 - INFO - Retrieved 5 market data documents for query: 'price of bitcoin'
2025-06-05 22:44:13,385 - INFO - Querying market data collection: market_data_collection
2025-06-05 22:44:13,884 - INFO - Retrieved 5 market data documents for query: 'technical indicators for bitcoin'
2025-06-05 22:47:45,858 - INFO - Querying market data collection: market_data_collection
2025-06-05 22:47:46,276 - INFO - Retrieved 5 market data documents for query: 'What was the company's total long-term debt as of December 31, 2024?'
2025-06-05 22:48:46,109 - INFO - Querying market data collection: market_data_collection
2025-06-05 22:48:46,561 - INFO - Retrieved 5 market data documents for query: 'What was the net property and equipment value as of December 31, 2024?'
2025-06-05 22:50:46,943 - DEBUG - Fetching stock data...
2025-06-05 22:50:48,575 - DEBUG - Successfully processed AAPL
2025-06-05 22:50:49,098 - DEBUG - Successfully processed MSFT
2025-06-05 22:50:50,510 - DEBUG - Successfully processed JPM
2025-06-05 22:50:50,510 - DEBUG - 
Fetching crypto data...
2025-06-05 22:50:51,889 - DEBUG - Available columns for BTC: ['1. open', '2. high', '3. low', '4. close', '5. volume']
2025-06-05 22:50:51,905 - DEBUG - Successfully processed BTC
2025-06-05 22:50:53,292 - DEBUG - Available columns for ETH: ['1. open', '2. high', '3. low', '4. close', '5. volume']
2025-06-05 22:50:53,303 - DEBUG - Successfully processed ETH
2025-06-05 22:50:54,039 - DEBUG - Successfully updated vector database with market data
2025-06-05 22:51:06,489 - INFO - Querying market data collection: market_data_collection
2025-06-05 22:51:06,959 - INFO - Retrieved 5 market data documents for query: 'stock price of apple'
2025-06-05 22:51:26,510 - INFO - Querying market data collection: market_data_collection
2025-06-05 22:51:26,998 - INFO - Retrieved 5 market data documents for query: 'technical indicator of apple stock price'
2025-06-05 22:51:55,272 - INFO - Querying market data collection: market_data_collection
2025-06-05 22:51:55,793 - INFO - Retrieved 5 market data documents for query: 'current price of bitcoin'
2025-06-05 22:53:44,066 - INFO - Querying market data collection: market_data_collection
2025-06-05 22:53:44,493 - INFO - Retrieved 5 market data documents for query: 'What was the company's total long-term debt as of December 31, 2024?'
2025-06-05 22:54:37,464 - INFO - Querying market data collection: market_data_collection
2025-06-05 22:54:37,920 - INFO - Retrieved 5 market data documents for query: 'What was the net property and equipment value as of December 31, 2024?'
2025-06-05 22:55:04,107 - INFO - Querying market data collection: market_data_collection
2025-06-05 22:55:04,569 - INFO - Retrieved 5 market data documents for query: 'What were the total self-insurance liabilities as of December 31, 2024?'
2025-06-05 22:55:40,408 - INFO - Querying market data collection: market_data_collection
2025-06-05 22:55:41,010 - INFO - Retrieved 5 market data documents for query: 'total goodwill as of December 31, 2024'
2025-06-05 22:57:35,448 - DEBUG - Fetching stock data...
2025-06-05 22:57:37,289 - DEBUG - Successfully processed AAPL
2025-06-05 22:57:38,900 - DEBUG - Successfully processed MSFT
2025-06-05 22:57:40,518 - DEBUG - Successfully processed JPM
2025-06-05 22:57:40,519 - DEBUG - 
Fetching crypto data...
2025-06-05 22:57:41,406 - DEBUG - Available columns for BTC: ['1. open', '2. high', '3. low', '4. close', '5. volume']
2025-06-05 22:57:41,418 - DEBUG - Successfully processed BTC
2025-06-05 22:57:42,484 - DEBUG - Available columns for ETH: ['1. open', '2. high', '3. low', '4. close', '5. volume']
2025-06-05 22:57:42,495 - DEBUG - Successfully processed ETH
2025-06-05 22:57:43,220 - DEBUG - Successfully updated vector database with market data
2025-06-05 22:58:02,002 - INFO - Querying market data collection: market_data_collection
2025-06-05 22:58:02,494 - INFO - Retrieved 5 market data documents for query: 'what is the stock price of MSFT'
2025-06-05 22:58:27,197 - INFO - Querying market data collection: market_data_collection
2025-06-05 22:58:27,659 - INFO - Retrieved 5 market data documents for query: 'technical indicator of MSFT'
2025-06-05 22:59:01,194 - INFO - Querying market data collection: market_data_collection
2025-06-05 22:59:01,619 - INFO - Retrieved 5 market data documents for query: 'current price of etherium'
2025-06-05 22:59:20,911 - INFO - Querying market data collection: market_data_collection
2025-06-05 22:59:21,337 - INFO - Retrieved 5 market data documents for query: 'technical indicator of ETH-USD'
2025-06-05 23:01:16,826 - INFO - Querying market data collection: market_data_collection
2025-06-05 23:01:17,402 - INFO - Retrieved 5 market data documents for query: 'what performance obligation is talked about the amazon stock report?'
2025-06-05 23:03:54,476 - INFO - Querying market data collection: market_data_collection
2025-06-05 23:03:54,960 - INFO - Retrieved 5 market data documents for query: 'summary report of Cash, Cash Equivalents, Restricted Cash, and Marketable Securities'
2025-06-05 23:05:07,757 - INFO - Querying market data collection: market_data_collection
2025-06-05 23:05:08,269 - INFO - Retrieved 5 market data documents for query: 'what amazon services provide profit?'
